[2015-01-02 03:11:27] START
[2015-01-02 03:11:51] EDIT biodbcat/models/db.py: 99
[2015-01-02 03:16:30] EDIT biodbcat/views/default/index.html: 0
[2015-01-02 03:17:13] EDIT biodbcat/views/default/index.html: -1
[2015-01-02 03:17:22] EDIT biodbcat/views/default/index.html: -1
[2015-01-02 03:19:19] EDIT biodbcat/views/default/index.html: 2
[2015-01-02 03:20:40] EDIT biodbcat/views/layout.html: 0
[2015-01-02 03:21:46] EDIT biodbcat/views/layout.html: 0
[2015-01-02 03:24:08] EDIT biodbcat/views/default/index.html: -1
[2015-01-02 03:26:07] EDIT biodbcat/views/default/index.html: 1
[2015-01-02 03:26:49] EDIT biodbcat/views/default/index.html: -2
[2015-01-02 03:27:36] EDIT biodbcat/views/default/index.html: -28
[2015-01-02 03:28:45] EDIT biodbcat/views/layout.html: -12
[2015-01-02 03:29:52] EDIT biodbcat/views/layout.html: 11
[2015-01-02 03:30:30] EDIT biodbcat/controllers/default.py: 0
[2015-01-02 03:31:26] EDIT biodbcat/controllers/default.py: 0
[2015-01-02 03:32:20] EDIT biodbcat/controllers/default.py: 0
[2015-01-02 03:49:32] EDIT biodbcat/models/db.py: 2
[2015-01-02 03:50:34] EDIT biodbcat/models/db.py: 0
[2015-01-02 03:53:22] EDIT biodbcat/models/db.py: -100
[2015-01-02 03:53:35] EDIT biodbcat/models/db.py: 99
[2015-01-02 03:56:12] EDIT biodbcat/models/db.py: 0
[2015-01-02 03:57:39] EDIT biodbcat/models/db.py: 0
[2015-01-02 03:57:53] EDIT biodbcat/models/db.py: 0
[2015-01-02 03:58:07] EDIT biodbcat/models/db.py: 0
[2015-01-02 03:58:15] EDIT biodbcat/models/db.py: 0
[2015-01-02 03:58:39] EDIT biodbcat/models/db.py: -1
[2015-01-02 03:59:02] EDIT biodbcat/models/db.py: 1
[2015-01-02 03:59:08] EDIT biodbcat/models/db.py: 0
[2015-01-02 03:59:38] EDIT biodbcat/models/db.py: 0
[2015-01-02 04:00:35] EDIT biodbcat/models/db.py: 0
[2015-01-02 04:02:57] EDIT biodbcat/models/db.py: 0
[2015-01-02 04:05:20] EDIT biodbcat/views/default/index.html: 2
[2015-01-02 04:14:07] EDIT biodbcat/views/default/index.html: 2
[2015-01-02 04:15:10] EDIT biodbcat/views/default/index.html: 0
[2015-01-02 04:17:40] EDIT biodbcat/views/default/index.html: 4
[2015-01-02 04:18:21] EDIT biodbcat/views/default/index.html: 0
[2015-01-02 05:04:27] EDIT biodbcat/controllers/default.py: 3
[2015-01-02 05:06:01] CREATE default/search.html: 0
[2015-01-02 05:07:04] CREATE default/search_results.html: 0
[2015-01-02 05:10:13] EDIT biodbcat/controllers/default.py: 3
[2015-01-02 05:32:10] EDIT biodbcat/controllers/default.py: 4
[2015-01-02 05:32:30] EDIT biodbcat/controllers/default.py: 0
[2015-01-02 05:32:52] EDIT biodbcat/controllers/default.py: 0
[2015-01-02 05:33:45] EDIT biodbcat/controllers/default.py: 0
[2015-01-02 05:34:49] EDIT biodbcat/controllers/default.py: 0
[2015-01-02 05:40:31] EDIT biodbcat/controllers/default.py: 3
[2015-01-02 05:40:56] EDIT biodbcat/controllers/default.py: 0
[2015-01-02 05:41:24] EDIT biodbcat/controllers/default.py: 0
[2015-01-02 05:44:04] EDIT biodbcat/controllers/default.py: 2
[2015-01-02 05:44:34] EDIT biodbcat/controllers/default.py: 1
[2015-01-02 05:45:55] EDIT biodbcat/controllers/default.py: 2
[2015-01-02 05:46:33] EDIT biodbcat/controllers/default.py: 0
[2015-01-02 05:53:57] EDIT biodbcat/controllers/default.py: -4
[2015-01-02 05:54:52] EDIT biodbcat/controllers/default.py: 0
[2015-01-02 05:58:40] EDIT biodbcat/controllers/default.py: 29
[2015-01-02 05:59:28] EDIT biodbcat/controllers/default.py: 0
[2015-01-02 05:59:57] EDIT biodbcat/views/default/search.html: 0
[2015-01-02 06:02:43] EDIT biodbcat/views/default/search.html: 1
[2015-01-02 06:03:31] EDIT biodbcat/controllers/default.py: 0
[2015-01-02 06:08:00] EDIT biodbcat/controllers/default.py: 1
[2015-01-02 06:08:44] EDIT biodbcat/controllers/default.py: 0
[2015-01-02 06:09:15] EDIT biodbcat/controllers/default.py: 0
[2015-01-02 06:10:03] EDIT biodbcat/controllers/default.py: -2
[2015-01-02 06:11:54] EDIT biodbcat/controllers/default.py: 3
[2015-01-02 06:15:13] EDIT biodbcat/controllers/default.py: 3
[2015-01-02 06:15:42] EDIT biodbcat/controllers/default.py: 0
[2015-01-02 06:16:09] EDIT biodbcat/controllers/default.py: 0
[2015-01-02 06:16:35] EDIT biodbcat/controllers/default.py: 0
[2015-01-02 06:17:00] EDIT biodbcat/controllers/default.py: 0
[2015-01-02 06:18:29] EDIT biodbcat/controllers/default.py: 1
[2015-01-02 06:22:10] EDIT biodbcat/controllers/default.py: 5
[2015-01-02 06:23:18] EDIT biodbcat/controllers/default.py: 0
[2015-01-02 06:24:10] EDIT biodbcat/controllers/default.py: 0
[2015-01-02 06:25:23] EDIT biodbcat/controllers/default.py: 0
[2015-01-02 06:27:40] EDIT biodbcat/controllers/default.py: 4
[2015-01-02 06:29:09] EDIT biodbcat/controllers/default.py: 2
[2015-01-02 06:52:41] EDIT biodbcat/controllers/default.py: 6
[2015-01-02 06:57:29] EDIT biodbcat/controllers/default.py: 6
[2015-01-02 09:12:26] EDIT biodbcat/controllers/default.py: 4
[2015-01-02 16:56:49] EDIT biodbcat/controllers/default.py: 14
[2015-01-02 17:05:53] EDIT biodbcat/controllers/default.py: 16
