[2015-10-24 11:39:26] START
[2015-10-24 11:48:17] EDIT weight_management/controllers/default.py: 25
[2015-10-24 11:48:49] EDIT weight_management/controllers/default.py: 1
[2015-10-24 11:52:46] EDIT weight_management/controllers/default.py: -10
[2015-10-24 11:53:27] EDIT weight_management/controllers/default.py: 0
[2015-10-24 11:55:22] EDIT weight_management/controllers/default.py: 3
[2015-10-24 12:09:27] EDIT weight_management/controllers/default.py: 19
[2015-10-24 12:12:15] EDIT weight_management/controllers/default.py: 4
[2015-10-24 12:13:21] EDIT weight_management/controllers/default.py: 0
[2015-10-24 12:15:20] CREATE anthropometry_output.html: 0
[2015-10-24 12:16:15] CREATE default/anthropometry_output.html: 0
[2015-10-24 12:16:21] DELETE weight_management/views/anthropometry_output.html: -3
[2015-10-24 12:21:08] EDIT weight_management/controllers/default.py: 0
[2015-10-24 12:26:37] EDIT weight_management/controllers/default.py: 2
[2015-10-24 12:27:59] EDIT weight_management/controllers/default.py: 5
[2015-10-24 12:31:32] EDIT weight_management/views/default/anthropometry_output.html: 4
[2015-10-24 12:32:06] EDIT weight_management/views/default/anthropometry_output.html: 0
[2015-10-24 12:34:50] EDIT weight_management/controllers/default.py: 3
[2015-10-24 12:35:35] EDIT weight_management/views/default/anthropometry_output.html: 0
[2015-10-24 12:36:45] EDIT weight_management/views/default/anthropometry_output.html: 1
[2015-10-24 12:36:54] EDIT weight_management/views/default/anthropometry_output.html: 0
[2015-10-24 12:37:27] EDIT weight_management/controllers/default.py: 0
[2015-10-24 12:38:16] EDIT weight_management/views/default/anthropometry_output.html: 0
[2015-10-24 12:40:09] EDIT weight_management/views/default/anthropometry_output.html: 1
[2015-10-24 12:41:06] EDIT weight_management/views/default/anthropometry_output.html: 2
[2015-10-24 12:41:19] EDIT weight_management/views/default/anthropometry_output.html: 0
[2015-10-24 12:53:55] EDIT weight_management/controllers/default.py: 31
[2015-10-24 12:56:04] EDIT weight_management/views/default/anthropometry_output.html: 4
[2015-10-24 12:56:57] EDIT weight_management/controllers/default.py: 0
[2015-10-24 12:57:40] EDIT weight_management/views/default/anthropometry_output.html: 1
[2015-10-24 12:59:39] EDIT weight_management/views/default/anthropometry_output.html: 0
[2015-10-24 13:03:32] EDIT weight_management/views/default/anthropometry_output.html: 8
[2015-10-24 13:07:13] EDIT weight_management/controllers/default.py: 18
[2015-10-24 13:08:26] EDIT weight_management/controllers/default.py: 0
[2015-10-24 13:09:17] EDIT weight_management/controllers/default.py: 0
[2015-10-24 13:17:14] EDIT weight_management/views/default/anthropometry_output.html: 3
[2015-10-24 13:17:31] EDIT weight_management/views/default/anthropometry_output.html: 0
[2015-10-24 13:19:42] EDIT weight_management/controllers/default.py: 16
[2015-10-24 13:20:06] EDIT weight_management/controllers/default.py: 0
[2015-10-24 13:20:15] EDIT weight_management/controllers/default.py: 0
[2015-10-24 13:22:55] EDIT weight_management/controllers/default.py: 0
[2015-10-24 13:30:58] EDIT weight_management/controllers/default.py: 15
[2015-10-24 13:31:21] EDIT weight_management/views/default/anthropometry_output.html: 3
[2015-10-24 13:32:29] EDIT weight_management/controllers/default.py: 0
[2015-10-24 13:35:04] EDIT weight_management/controllers/default.py: 2
[2015-10-24 13:36:36] EDIT weight_management/controllers/default.py: 0
[2015-10-24 13:36:50] EDIT weight_management/views/default/anthropometry_output.html: 0
[2015-10-24 13:38:29] EDIT weight_management/controllers/default.py: 0
[2015-10-24 13:38:56] EDIT weight_management/controllers/default.py: 0
[2015-10-24 13:49:37] EDIT weight_management/controllers/default.py: 35
[2015-10-24 13:50:30] EDIT weight_management/controllers/default.py: -2
[2015-10-24 13:52:44] EDIT weight_management/views/default/anthropometry_output.html: 3
[2015-10-24 13:53:40] EDIT weight_management/controllers/default.py: 0
[2015-10-24 14:08:16] EDIT weight_management/views/default/anthropometry_output.html: 3
[2015-10-24 14:08:30] EDIT weight_management/controllers/default.py: 37
[2015-10-24 14:16:04] EDIT weight_management/controllers/default.py: 21
[2015-10-24 14:16:50] EDIT weight_management/views/default/anthropometry_output.html: 2
[2015-10-24 14:17:14] EDIT weight_management/views/default/anthropometry_output.html: 0
[2015-10-24 14:18:47] EDIT weight_management/views/default/anthropometry_output.html: 1
[2015-10-24 14:21:32] EDIT weight_management/views/default/index.html: -15
[2015-10-24 14:22:16] EDIT weight_management/views/default/index.html: -14
[2015-10-24 14:25:10] EDIT weight_management/controllers/default.py: 0
[2015-10-24 14:27:09] EDIT weight_management/views/default/index.html: 2
[2015-10-24 14:27:30] EDIT weight_management/views/default/index.html: 0
[2015-10-24 14:33:31] EDIT weight_management/views/default/index.html: 1
[2015-10-24 14:33:36] EDIT weight_management/controllers/default.py: 2
[2015-10-24 14:34:02] EDIT weight_management/views/default/anthropometry_output.html: -1
[2015-10-24 14:36:43] EDIT weight_management/controllers/default.py: 8
[2015-10-24 14:39:53] EDIT weight_management/views/default/index.html: 2
[2015-10-24 14:40:15] EDIT weight_management/views/default/index.html: 0
[2015-10-24 14:40:56] EDIT weight_management/views/default/anthropometry_output.html: 2
[2015-10-24 14:41:22] EDIT weight_management/views/default/anthropometry_output.html: -1
[2015-10-24 14:41:48] EDIT weight_management/views/default/anthropometry_output.html: -1
[2015-10-24 14:42:51] EDIT weight_management/views/default/anthropometry_output.html: 0
[2015-10-24 14:43:17] EDIT weight_management/views/default/anthropometry_output.html: 0
[2015-10-24 14:43:48] EDIT weight_management/views/default/anthropometry_output.html: 0
[2015-10-24 14:44:56] EDIT weight_management/views/default/anthropometry_output.html: 0
[2015-10-24 14:45:26] EDIT weight_management/views/default/anthropometry_output.html: 0
[2015-10-24 14:49:46] EDIT weight_management/views/default/anthropometry_output.html: 7
[2015-10-24 14:50:27] EDIT weight_management/views/default/anthropometry_output.html: 0
[2015-10-24 15:00:32] EDIT anthropometry/views/default/index.html: 9
[2015-10-24 15:01:50] EDIT anthropometry/views/default/index.html: 0
[2015-10-24 15:02:25] EDIT anthropometry/views/default/index.html: 0
[2015-10-24 15:02:42] EDIT anthropometry/views/default/index.html: 0
[2015-10-24 15:26:05] EDIT anthropometry/views/default/anthropometry_output.html: 1
[2015-10-24 15:26:39] EDIT anthropometry/views/default/anthropometry_output.html: 0
[2015-10-24 15:30:23] EDIT anthropometry/views/default/anthropometry_output.html: 8
[2015-10-24 15:31:11] EDIT anthropometry/views/default/anthropometry_output.html: 0
[2015-10-24 15:31:14] EDIT anthropometry/controllers/default.py: 13
[2015-10-24 15:33:40] EDIT anthropometry/controllers/default.py: 13
[2015-10-24 15:34:21] EDIT anthropometry/views/default/anthropometry_output.html: 0
[2015-10-24 15:36:30] EDIT anthropometry/views/default/anthropometry_output.html: 6
[2015-10-24 15:39:37] EDIT anthropometry/controllers/default.py: 26
[2015-10-24 15:39:41] EDIT anthropometry/views/default/anthropometry_output.html: 0
[2015-10-24 15:51:29] EDIT anthropometry/views/default/anthropometry_output.html: 3
[2015-10-24 15:51:32] EDIT anthropometry/controllers/default.py: 15
[2015-10-24 15:52:12] EDIT anthropometry/controllers/default.py: 0
[2015-10-24 15:56:44] EDIT anthropometry/views/default/anthropometry_output.html: 3
[2015-10-24 15:56:47] EDIT anthropometry/controllers/default.py: 15
[2015-10-24 15:58:15] EDIT anthropometry/views/default/anthropometry_output.html: 0
[2015-10-25 01:17:27] EDIT anthropometry/controllers/default.py: 0
[2015-10-25 01:21:57] EDIT anthropometry/controllers/default.py: 0
[2015-10-25 01:22:59] EDIT anthropometry/controllers/default.py: 1
[2015-10-25 01:23:15] EDIT anthropometry/controllers/default.py: 0
[2015-10-25 01:23:40] EDIT anthropometry/controllers/default.py: 0
[2015-10-25 01:24:32] EDIT anthropometry/controllers/default.py: 1
[2015-10-25 01:26:30] EDIT anthropometry/controllers/default.py: 0
[2015-10-25 01:27:09] EDIT anthropometry/controllers/default.py: -2
[2015-10-25 01:28:34] EDIT anthropometry/views/default/anthropometry_output.html: 0
[2015-10-25 01:29:14] EDIT anthropometry/views/default/anthropometry_output.html: 3
[2015-10-25 01:29:38] EDIT anthropometry/views/default/anthropometry_output.html: 7
[2015-10-25 01:30:39] EDIT anthropometry/views/default/anthropometry_output.html: 15
[2015-10-25 01:41:11] EDIT anthropometry/views/default/anthropometry_output.html: 4
[2015-10-25 01:41:57] EDIT anthropometry/controllers/default.py: 1
[2015-10-25 01:42:00] EDIT anthropometry/views/default/anthropometry_output.html: 0
[2015-10-25 01:42:56] EDIT anthropometry/controllers/default.py: 0
[2015-10-25 01:43:00] EDIT anthropometry/views/default/anthropometry_output.html: 0
[2015-10-25 02:05:28] EDIT anthropometry/views/default/anthropometry_output.html: 0
[2015-10-25 02:06:08] EDIT anthropometry/views/default/index.html: 0
[2015-10-25 02:18:52] EDIT anthropometry/controllers/default.py: 8
[2015-10-25 02:20:03] EDIT anthropometry/views/default/anthropometry_output.html: 4
[2015-10-25 02:23:11] EDIT anthropometry/controllers/default.py: -47
[2015-10-25 11:41:28] EDIT anthropometry/controllers/default.py: 1
[2015-10-25 11:41:59] EDIT anthropometry/controllers/default.py: -1
[2015-10-25 11:44:25] EDIT anthropometry/views/default/index.html: 0
[2015-10-25 11:45:31] EDIT anthropometry/controllers/default.py: 0
[2015-10-25 11:46:04] EDIT anthropometry/controllers/default.py: 0
[2015-10-25 11:46:29] EDIT anthropometry/controllers/default.py: 0
[2015-10-25 11:46:53] EDIT anthropometry/controllers/default.py: 0
[2015-10-25 11:47:05] EDIT anthropometry/controllers/default.py: 0
[2015-11-20 16:49:45] EDIT anthropometry/controllers/default.py: 21
[2015-11-20 16:56:59] EDIT anthropometry/controllers/default.py: 7
[2015-11-20 17:43:51] EDIT anthropometry/controllers/default.py: 25
[2015-11-20 17:45:02] EDIT anthropometry/views/default/anthropometry_output.html: 4
[2015-11-20 17:46:35] EDIT anthropometry/views/default/anthropometry_output.html: 2
[2015-11-20 17:51:41] EDIT anthropometry/views/default/anthropometry_output.html: 4
[2015-11-20 17:51:44] EDIT anthropometry/controllers/default.py: 28
[2015-11-20 17:52:12] EDIT anthropometry/controllers/default.py: 0
[2015-11-20 17:53:11] EDIT anthropometry/controllers/default.py: -1
[2015-11-20 17:56:57] EDIT anthropometry/controllers/default.py: 0
[2015-11-20 17:58:34] EDIT anthropometry/controllers/default.py: 0
[2015-11-20 18:12:41] EDIT anthropometry/controllers/default.py: 32
[2015-11-20 18:13:08] EDIT anthropometry/views/default/anthropometry_output.html: 4
[2015-11-21 01:29:05] EDIT anthropometry/views/default/anthropometry_output.html: 10
[2015-11-21 01:29:08] EDIT anthropometry/controllers/default.py: 0
[2015-11-21 01:29:54] EDIT anthropometry/views/default/anthropometry_output.html: 0
[2015-12-19 14:11:13] EDIT anthropometry/controllers/default.py: 3
[2015-12-19 14:12:37] EDIT anthropometry/controllers/default.py: 2
[2015-12-19 14:14:36] EDIT anthropometry/controllers/default.py: 5
[2015-12-19 14:23:28] EDIT anthropometry/controllers/default.py: 35
[2015-12-19 14:29:24] EDIT anthropometry/controllers/default.py: 1
[2015-12-19 14:31:27] EDIT anthropometry/views/default/anthropometry_output.html: 10
[2015-12-19 14:31:56] EDIT anthropometry/controllers/default.py: -1
[2015-12-19 14:33:00] EDIT anthropometry/views/default/anthropometry_output.html: 1
[2015-12-19 14:33:51] EDIT anthropometry/controllers/default.py: 0
[2015-12-19 14:34:04] EDIT anthropometry/views/default/anthropometry_output.html: 1
[2015-12-19 14:34:54] EDIT anthropometry/controllers/default.py: 0
[2015-12-19 14:36:53] EDIT anthropometry/views/default/anthropometry_output.html: -3
[2015-12-19 14:37:17] EDIT anthropometry/views/default/anthropometry_output.html: 1
[2015-12-19 14:39:47] EDIT anthropometry/controllers/default.py: 0
[2015-12-31 01:42:13] EDIT anthropometry/controllers/default.py: 15
[2015-12-31 01:43:13] EDIT anthropometry/views/default/anthropometry_output.html: 4
[2015-12-31 01:46:42] EDIT anthropometry/controllers/default.py: 14
[2015-12-31 01:47:17] EDIT anthropometry/views/default/anthropometry_output.html: 4
